<?xml version="1.0" encoding="UTF-8" standalone="yes"?><!DOCTYPE report PUBLIC "-//JACOCO//DTD Report 1.1//EN" "report.dtd"><report name="TourGuide"><sessioninfo id="Mac-mini-de-Sabrina.local-98e805f0" start="1684518177600" dump="1684518183579"/><sessioninfo id="Mac-mini-de-Sabrina.local-296a1f1e" start="1684518196818" dump="1684518203043"/><sessioninfo id="Mac-mini-de-Sabrina.local-d205a98e" start="1684518260928" dump="1684518267202"/><sessioninfo id="Mac-mini-de-Sabrina.local-54d9f9dc" start="1684518288569" dump="1684518294812"/><sessioninfo id="Mac-mini-de-Sabrina.local-17ca4459" start="1684518461358" dump="1684518467322"/><sessioninfo id="Mac-mini-de-Sabrina.local-3c75cd1d" start="1684565571626" dump="1684565577677"/><sessioninfo id="Mac-mini-de-Sabrina.local-cd6808db" start="1684565618751" dump="1684565624717"/><sessioninfo id="Mac-mini-de-Sabrina.local-20b54f2a" start="1684565729834" dump="1684565735797"/><sessioninfo id="Mac-mini-de-Sabrina.local-bc69d4ea" start="1684565843165" dump="1684565849119"/><sessioninfo id="Mac-mini-de-Sabrina.local-1b828d8c" start="1684565986307" dump="1684565992239"/><sessioninfo id="Mac-mini-de-Sabrina.local-d07fdaee" start="1684566020623" dump="1684566026605"/><sessioninfo id="Mac-mini-de-Sabrina.local-df5f1cb6" start="1684566061130" dump="1684566067028"/><sessioninfo id="Mac-mini-de-Sabrina.local-d40b616" start="1684566212935" dump="1684566218860"/><sessioninfo id="Mac-mini-de-Sabrina.local-da024ec6" start="1684566245651" dump="1684566251563"/><sessioninfo id="Mac-mini-de-Sabrina.local-f808d47f" start="1684566284087" dump="1684566291401"/><sessioninfo id="Mac-mini-de-Sabrina.local-ced5cf03" start="1684566476978" dump="1684566483010"/><sessioninfo id="Mac-mini-de-Sabrina.local-2cd3c4ad" start="1684566660074" dump="1684566666083"/><sessioninfo id="Mac-mini-de-Sabrina.local-5e014de3" start="1684566697399" dump="1684566703418"/><sessioninfo id="Mac-mini-de-Sabrina.local-fd15af3b" start="1684566996123" dump="1684567002027"/><sessioninfo id="Mac-mini-de-Sabrina.local-2f72ae42" start="1684567238123" dump="1684567244033"/><sessioninfo id="Mac-mini-de-Sabrina.local-697acd94" start="1684567288933" dump="1684567294809"/><sessioninfo id="Mac-mini-de-Sabrina.local-c75d3e10" start="1684567470858" dump="1684567476615"/><sessioninfo id="Mac-mini-de-Sabrina.local-8dcfba6e" start="1684567500852" dump="1684567506483"/><sessioninfo id="Mac-mini-de-Sabrina.local-433b22cf" start="1684567524095" dump="1684567530018"/><sessioninfo id="Mac-mini-de-Sabrina.local-a019e05f" start="1684567552980" dump="1684567558909"/><sessioninfo id="Mac-mini-de-Sabrina.local-c2dbed30" start="1684567772987" dump="1684567779058"/><sessioninfo id="Mac-mini-de-Sabrina.local-bde71bf3" start="1684567830481" dump="1684567836621"/><sessioninfo id="Mac-mini-de-Sabrina.local-10b6271f" start="1684567882933" dump="1684567889081"/><sessioninfo id="Mac-mini-de-Sabrina.local-77c45532" start="1684567906981" dump="1684567913706"/><sessioninfo id="Mac-mini-de-Sabrina.local-ac6086c" start="1684567968885" dump="1684567983935"/><sessioninfo id="Mac-mini-de-Sabrina.local-a63a833b" start="1684568037183" dump="1684568042805"/><sessioninfo id="Mac-mini-de-Sabrina.local-2918b4c6" start="1684847028997" dump="1684847033064"/><sessioninfo id="Mac-mini-de-Sabrina.local-79f281d1" start="1684847109737" dump="1684847118954"/><sessioninfo id="Mac-mini-de-Sabrina.local-41678093" start="1684847169860" dump="1684847249087"/><sessioninfo id="Mac-mini-de-Sabrina.local-f555d92e" start="1684847267967" dump="1684847295512"/><sessioninfo id="Mac-mini-de-Sabrina.local-ab7caef0" start="1684847355905" dump="1684847487682"/><sessioninfo id="Mac-mini-de-Sabrina.local-43409bf8" start="1684847549321" dump="1684847811506"/><sessioninfo id="Mac-mini-de-Sabrina.local-32673721" start="1684847852079" dump="1684847875368"/><sessioninfo id="Mac-mini-de-Sabrina.local-ac1f6da4" start="1684847931597" dump="1684848044842"/><sessioninfo id="Mac-mini-de-Sabrina.local-46f28aa5" start="1684848499388" dump="1684848626183"/><sessioninfo id="Mac-mini-de-Sabrina.local-4ca5628" start="1684848632715" dump="1684848722117"/><sessioninfo id="Mac-mini-de-Sabrina.local-8a25caec" start="1684848760033" dump="1684848763588"/><sessioninfo id="Mac-mini-de-Sabrina.local-246e4d4e" start="1684849140594" dump="1684849142962"/><sessioninfo id="Mac-mini-de-Sabrina.local-4e1c4043" start="1684849162176" dump="1684849172988"/><sessioninfo id="Mac-mini-de-Sabrina.local-111744a" start="1684849197484" dump="1684849199068"/><sessioninfo id="Mac-mini-de-Sabrina.local-9e294dc2" start="1684849226042" dump="1684849236783"/><sessioninfo id="Mac-mini-de-Sabrina.local-554f349e" start="1684849257889" dump="1684849261399"/><sessioninfo id="Mac-mini-de-Sabrina.local-e358daf6" start="1684849272605" dump="1684849294629"/><sessioninfo id="Mac-mini-de-Sabrina.local-96736233" start="1684849312746" dump="1684849413816"/><sessioninfo id="Mac-mini-de-Sabrina.local-3c093706" start="1684849436574" dump="1684849638684"/><sessioninfo id="Mac-mini-de-Sabrina.local-7686a924" start="1684849927844" dump="1684849929166"/><sessioninfo id="Mac-mini-de-Sabrina.local-fed4a2c4" start="1684849955946" dump="1684849957290"/><sessioninfo id="Mac-mini-de-Sabrina.local-ae96b21c" start="1684849973252" dump="1684850013577"/><sessioninfo id="Mac-mini-de-Sabrina.local-1cf9fda3" start="1684850059466" dump="1684850070442"/><sessioninfo id="Mac-mini-de-Sabrina.local-cf837366" start="1684850090376" dump="1684850113026"/><sessioninfo id="Mac-mini-de-Sabrina.local-7add1897" start="1684850180278" dump="1684850201647"/><sessioninfo id="Mac-mini-de-Sabrina.local-f7da68db" start="1684850216055" dump="1684850236984"/><sessioninfo id="Mac-mini-de-Sabrina.local-d50ec2e0" start="1684850269981" dump="1684850281052"/><sessioninfo id="Mac-mini-de-Sabrina.local-4ad54f1" start="1684850297294" dump="1684850308243"/><sessioninfo id="Mac-mini-de-Sabrina.local-31caeff8" start="1684850317585" dump="1684850329015"/><sessioninfo id="Mac-mini-de-Sabrina.local-cb4f6849" start="1684850337028" dump="1684850378016"/><sessioninfo id="Mac-mini-de-Sabrina.local-ef31b7f0" start="1684850386680" dump="1684850407749"/><sessioninfo id="Mac-mini-de-Sabrina.local-3e77ef6a" start="1684850429822" dump="1684850445176"/><sessioninfo id="Mac-mini-de-Sabrina.local-27e97f66" start="1684850458191" dump="1684850469271"/><sessioninfo id="Mac-mini-de-Sabrina.local-bd5d7705" start="1684850474746" dump="1684850681380"/><sessioninfo id="Mac-mini-de-Sabrina.local-834dadbd" start="1684850873757" dump="1684850876625"/><sessioninfo id="Mac-mini-de-Sabrina.local-a0384869" start="1684851756318" dump="1684851757982"/><sessioninfo id="Mac-mini-de-Sabrina.local-b6d1480f" start="1684852058326" dump="1684852061704"/><sessioninfo id="Mac-mini-de-Sabrina.local-453b06bf" start="1684852105543" dump="1684852107604"/><sessioninfo id="Mac-mini-de-Sabrina.local-9fd33a87" start="1684852116834" dump="1684852118978"/><sessioninfo id="Mac-mini-de-Sabrina.local-4fad9ac0" start="1684852142811" dump="1684852153266"/><sessioninfo id="Mac-mini-de-Sabrina.local-f87c51d3" start="1684852330140" dump="1684852359042"/><sessioninfo id="Mac-mini-de-Sabrina.local-33165ad2" start="1684852379530" dump="1684852382252"/><sessioninfo id="Mac-mini-de-Sabrina.local-3c6ed3d7" start="1684852539059" dump="1684852542149"/><sessioninfo id="Mac-mini-de-Sabrina.local-9341d15a" start="1684852562770" dump="1684852564407"/><sessioninfo id="Mac-mini-de-Sabrina.local-a1bec26d" start="1684853212989" dump="1684853214945"/><sessioninfo id="Mac-mini-de-Sabrina.local-67fec76e" start="1684854187623" dump="1684854195143"/><sessioninfo id="Mac-mini-de-Sabrina.local-b19a0070" start="1684857377024" dump="1684857379741"/><sessioninfo id="Mac-mini-de-Sabrina.local-48b8c590" start="1684857608933" dump="1684857611648"/><sessioninfo id="Mac-mini-de-Sabrina.local-626574e8" start="1684857632450" dump="1684857634588"/><sessioninfo id="Mac-mini-de-Sabrina.local-165a5f8a" start="1684857647998" dump="1684857649564"/><sessioninfo id="Mac-mini-de-Sabrina.local-ccfd127e" start="1684857677008" dump="1684857679335"/><sessioninfo id="Mac-mini-de-Sabrina.local-9f75f838" start="1684857948549" dump="1684857950719"/><sessioninfo id="Mac-mini-de-Sabrina.local-26bcd82" start="1684861360235" dump="1684861410721"/><sessioninfo id="Mac-mini-de-Sabrina.local-75838caf" start="1684861447642" dump="1684861470207"/><sessioninfo id="Mac-mini-de-Sabrina.local-82f55bfe" start="1684861479957" dump="1684861491323"/><sessioninfo id="Mac-mini-de-Sabrina.local-ef6551c3" start="1684913165595" dump="1684913213847"/><sessioninfo id="Mac-mini-de-Sabrina.local-4fd61d07" start="1684916636577" dump="1684916639663"/><sessioninfo id="Mac-mini-de-Sabrina.local-65ae247a" start="1684916669223" dump="1684916681111"/><sessioninfo id="Mac-mini-de-Sabrina.local-7de85282" start="1684916696063" dump="1684916724921"/><sessioninfo id="Mac-mini-de-Sabrina.local-aa66dcc1" start="1684916888771" dump="1684916900909"/><sessioninfo id="Mac-mini-de-Sabrina.local-96bcbb78" start="1684916909823" dump="1684917015494"/><sessioninfo id="Mac-mini-de-Sabrina.local-c9a7d677" start="1684917037123" dump="1684918074988"/><sessioninfo id="Mac-mini-de-Sabrina.local-994107f" start="1684919497133" dump="1684919619556"/><sessioninfo id="Mac-mini-de-Sabrina.local-25c895f7" start="1684919640963" dump="1684919643711"/><sessioninfo id="Mac-mini-de-Sabrina.local-20652299" start="1684919656616" dump="1684919668544"/><sessioninfo id="Mac-mini-de-Sabrina.local-43393200" start="1684919681147" dump="1684919710237"/><sessioninfo id="Mac-mini-de-Sabrina.local-28b4810" start="1684919738906" dump="1684919767811"/><sessioninfo id="Mac-mini-de-Sabrina.local-4ed3a1b3" start="1684919928190" dump="1684920032931"/><sessioninfo id="Mac-mini-de-Sabrina.local-e9ba3aca" start="1684920651285" dump="1684920749816"/><sessioninfo id="Mac-mini-de-Sabrina.local-640e0665" start="1684920758014" dump="1684920761053"/><sessioninfo id="Mac-mini-de-Sabrina.local-25f523b0" start="1684920770441" dump="1684920789329"/><sessioninfo id="Mac-mini-de-Sabrina.local-8bc5b3ef" start="1684920812013" dump="1684920923116"/><sessioninfo id="Mac-mini-de-Sabrina.local-f1db5087" start="1684921057047" dump="1684921066982"/><sessioninfo id="Mac-mini-de-Sabrina.local-5e8fe646" start="1684921518593" dump="1684921561138"/><sessioninfo id="Mac-mini-de-Sabrina.local-2c4f4741" start="1684921588391" dump="1684921595340"/><sessioninfo id="Mac-mini-de-Sabrina.local-e7ca8629" start="1684921655603" dump="1684921661941"/><sessioninfo id="Mac-mini-de-Sabrina.local-3e5f3653" start="1684921689882" dump="1684921693949"/><sessioninfo id="Mac-mini-de-Sabrina.local-3a203486" start="1684921943188" dump="1684921944368"/><sessioninfo id="Mac-mini-de-Sabrina.local-9292f9ea" start="1684922873829" dump="1684922877407"/><sessioninfo id="Mac-mini-de-Sabrina.local-4de5cb6e" start="1684922925368" dump="1684922937262"/><sessioninfo id="Mac-mini-de-Sabrina.local-ebc3d77" start="1684924234420" dump="1684924366133"/><sessioninfo id="Mac-mini-de-Sabrina.local-35cecc44" start="1684924411208" dump="1684924414319"/><sessioninfo id="Mac-mini-de-Sabrina.local-437cf835" start="1684924427425" dump="1684924439275"/><sessioninfo id="Mac-mini-de-Sabrina.local-f7ed1487" start="1684924464957" dump="1684924569244"/><sessioninfo id="Mac-mini-de-Sabrina.local-b4012bd5" start="1684924606633" dump="1684924618461"/><sessioninfo id="Mac-mini-de-Sabrina.local-a3b2e109" start="1684924624372" dump="1684924636423"/><sessioninfo id="Mac-mini-de-Sabrina.local-e40aa9d1" start="1685090146330" dump="1685090158574"/><sessioninfo id="Mac-mini-de-Sabrina.local-73d94cb5" start="1685090178017" dump="1685090191242"/><sessioninfo id="Mac-mini-de-Sabrina.local-e125fe6c" start="1685090980270" dump="1685090993271"/><sessioninfo id="Mac-mini-de-Sabrina.local-683005ee" start="1685091001021" dump="1685091012779"/><sessioninfo id="Mac-mini-de-Sabrina.local-3c5c4640" start="1685091132505" dump="1685091144584"/><sessioninfo id="Mac-mini-de-Sabrina.local-3135ca9d" start="1685091322720" dump="1685091334407"/><sessioninfo id="Mac-mini-de-Sabrina.local-b3060b7c" start="1685091339773" dump="1685091351634"/><sessioninfo id="Mac-mini-de-Sabrina.local-128560bd" start="1685091477962" dump="1685091490017"/><sessioninfo id="Mac-mini-de-Sabrina.local-881d0607" start="1685091514157" dump="1685091515931"/><sessioninfo id="Mac-mini-de-Sabrina.local-3b5e8fb8" start="1685091521538" dump="1685091523344"/><sessioninfo id="Mac-mini-de-Sabrina.local-d59547a1" start="1685091527032" dump="1685091528980"/><sessioninfo id="Mac-mini-de-Sabrina.local-7fe257f5" start="1685091533210" dump="1685091535109"/><sessioninfo id="Mac-mini-de-Sabrina.local-58d8b6c8" start="1685091540317" dump="1685091542398"/><sessioninfo id="Mac-mini-de-Sabrina.local-de7ce184" start="1685091580615" dump="1685091584072"/><sessioninfo id="Mac-mini-de-Sabrina.local-ee3d876f" start="1685091593271" dump="1685091615001"/><sessioninfo id="Mac-mini-de-Sabrina.local-64644879" start="1685091625352" dump="1685091636920"/><sessioninfo id="Mac-mini-de-Sabrina.local-1f09f17d" start="1685091641081" dump="1685091652558"/><sessioninfo id="Mac-mini-de-Sabrina.local-1beb15ce" start="1685091657658" dump="1685091669061"/><sessioninfo id="Mac-mini-de-Sabrina.local-62e9f55d" start="1685091673258" dump="1685091685051"/><sessioninfo id="Mac-mini-de-Sabrina.local-8447ebe7" start="1685091711416" dump="1685091723483"/><sessioninfo id="Mac-mini-de-Sabrina.local-912b66ab" start="1685092214518" dump="1685092226514"/><sessioninfo id="Mac-mini-de-Sabrina.local-681c6a7c" start="1685092696766" dump="1685092709014"/><sessioninfo id="Mac-mini-de-Sabrina.local-e345961f" start="1685092714051" dump="1685092725969"/><sessioninfo id="Mac-mini-de-Sabrina.local-87435761" start="1685092730466" dump="1685092742465"/><sessioninfo id="Mac-mini-de-Sabrina.local-a9758249" start="1685092746958" dump="1685092758801"/><sessioninfo id="Mac-mini-de-Sabrina.local-64c52dfd" start="1685092766786" dump="1685092778945"/><sessioninfo id="Mac-mini-de-Sabrina.local-bf846386" start="1685092810359" dump="1685092822188"/><sessioninfo id="Mac-mini-de-Sabrina.local-501075c1" start="1685092826528" dump="1685092838734"/><sessioninfo id="Mac-mini-de-Sabrina.local-5d226431" start="1685092842816" dump="1685092854289"/><sessioninfo id="Mac-mini-de-Sabrina.local-76536497" start="1685092858210" dump="1685092869879"/><sessioninfo id="Mac-mini-de-Sabrina.local-4557bb77" start="1685092876601" dump="1685092888419"/><sessioninfo id="Mac-mini-de-Sabrina.local-19b9edc2" start="1685093271235" dump="1685093324923"/><sessioninfo id="Mac-mini-de-Sabrina.local-b0b0ffd1" start="1685093334640" dump="1685093346980"/><sessioninfo id="Mac-mini-de-Sabrina.local-19c72431" start="1685093711960" dump="1685093723984"/><sessioninfo id="Mac-mini-de-Sabrina.local-fdeb004" start="1685093729314" dump="1685093741198"/><sessioninfo id="Mac-mini-de-Sabrina.local-a4fa531a" start="1685093745353" dump="1685093757453"/><sessioninfo id="Mac-mini-de-Sabrina.local-927235b5" start="1685093762414" dump="1685093774522"/><sessioninfo id="Mac-mini-de-Sabrina.local-2aecef38" start="1685093779152" dump="1685093791286"/><sessioninfo id="Mac-mini-de-Sabrina.local-a5dd8d9a" start="1685093846773" dump="1685093858541"/><sessioninfo id="Mac-mini-de-Sabrina.local-a5b5ca1b" start="1685093870230" dump="1685093882417"/><sessioninfo id="Mac-mini-de-Sabrina.local-8d3b9229" start="1685094393193" dump="1685094405176"/><sessioninfo id="Mac-mini-de-Sabrina.local-f1490da6" start="1685094430209" dump="1685094443380"/><sessioninfo id="Mac-mini-de-Sabrina.local-5c110f41" start="1685094462352" dump="1685094473429"/><sessioninfo id="Mac-mini-de-Sabrina.local-76ff9ab0" start="1685094480153" dump="1685094492642"/><sessioninfo id="Mac-mini-de-Sabrina.local-d7850eb1" start="1685094499856" dump="1685094513025"/><sessioninfo id="Mac-mini-de-Sabrina.local-70b89f2" start="1685095551692" dump="1685095564364"/><sessioninfo id="Mac-mini-de-Sabrina.local-b4052df6" start="1685096310100" dump="1685096313565"/><sessioninfo id="Mac-mini-de-Sabrina.local-b8bc1a54" start="1685096608205" dump="1685096779482"/><sessioninfo id="Mac-mini-de-Sabrina.local-9c74da7e" start="1685096793550" dump="1685096903541"/><sessioninfo id="Mac-mini-de-Sabrina.local-f4ce93b4" start="1685097064607" dump="1685097074209"/><sessioninfo id="Mac-mini-de-Sabrina.local-662836c6" start="1685097094577" dump="1685097107735"/><sessioninfo id="Mac-mini-de-Sabrina.local-be52b7f5" start="1685097133555" dump="1685097148192"/><sessioninfo id="Mac-mini-de-Sabrina.local-92201f40" start="1685097167409" dump="1685097168526"/><sessioninfo id="Mac-mini-de-Sabrina.local-7956d688" start="1685097177008" dump="1685097178292"/><sessioninfo id="Mac-mini-de-Sabrina.local-435378a9" start="1685097186136" dump="1685097187105"/><sessioninfo id="Mac-mini-de-Sabrina.local-58d2b161" start="1685097192351" dump="1685097193186"/><sessioninfo id="Mac-mini-de-Sabrina.local-92805984" start="1685097198862" dump="1685097199815"/><sessioninfo id="Mac-mini-de-Sabrina.local-8a8c51ca" start="1685097215396" dump="1685097229136"/><sessioninfo id="Mac-mini-de-Sabrina.local-e96d276d" start="1685097519529" dump="1685097533187"/><sessioninfo id="Mac-mini-de-Sabrina.local-c0600fc8" start="1685097544707" dump="1685097557833"/><sessioninfo id="Mac-mini-de-Sabrina.local-141db1ed" start="1685097579500" dump="1685097593157"/><sessioninfo id="Mac-mini-de-Sabrina.local-f82b2187" start="1685097607855" dump="1685097657958"/><sessioninfo id="Mac-mini-de-Sabrina.local-512056c9" start="1685097664030" dump="1685097715594"/><sessioninfo id="Mac-mini-de-Sabrina.local-9289f23" start="1685097828544" dump="1685097882703"/><sessioninfo id="Mac-mini-de-Sabrina.local-f8bb5b2a" start="1685097898992" dump="1685097901919"/><sessioninfo id="Mac-mini-de-Sabrina.local-c255b10d" start="1685097970323" dump="1685097973664"/><sessioninfo id="Mac-mini-de-Sabrina.local-488e5c4b" start="1685098025550" dump="1685098028136"/><sessioninfo id="Mac-mini-de-Sabrina.local-8d7e9b7" start="1685098075157" dump="1685098125640"/><sessioninfo id="Mac-mini-de-Sabrina.local-3d4b883d" start="1685098168056" dump="1685098170794"/><sessioninfo id="Mac-mini-de-Sabrina.local-1926d4b2" start="1685098470118" dump="1685098473043"/><sessioninfo id="Mac-mini-de-Sabrina.local-26b181dc" start="1685098488435" dump="1685098502767"/><sessioninfo id="Mac-mini-de-Sabrina.local-e8ee7a60" start="1685098769585" dump="1685098782108"/><sessioninfo id="Mac-mini-de-Sabrina.local-63122d2d" start="1685098797295" dump="1685098798444"/><sessioninfo id="Mac-mini-de-Sabrina.local-33024979" start="1685098922449" dump="1685098933898"/><sessioninfo id="Mac-mini-de-Sabrina.local-b0e30d8d" start="1685099170291" dump="1685099184969"/><sessioninfo id="Mac-mini-de-Sabrina.local-f1bbba2a" start="1685099214153" dump="1685099216993"/><sessioninfo id="Mac-mini-de-Sabrina.local-a29cd3ca" start="1685099233217" dump="1685099235768"/><sessioninfo id="Mac-mini-de-Sabrina.local-5f2fc854" start="1685099241487" dump="1685099244193"/><sessioninfo id="Mac-mini-de-Sabrina.local-ccc40cf4" start="1685099260518" dump="1685099263298"/><sessioninfo id="Mac-mini-de-Sabrina.local-c0c21e48" start="1685099267404" dump="1685099271628"/><sessioninfo id="Mac-mini-de-Sabrina.local-df8a4d2d" start="1685099278406" dump="1685099280880"/><sessioninfo id="Mac-mini-de-Sabrina.local-3f55f900" start="1685099308510" dump="1685099322033"/><sessioninfo id="Mac-mini-de-Sabrina.local-906c92a9" start="1685105729488" dump="1685105745266"/><sessioninfo id="Mac-mini-de-Sabrina.local-16da2104" start="1685105809884" dump="1685105827529"/><sessioninfo id="Mac-mini-de-Sabrina.local-7d2c3d3f" start="1685107553734" dump="1685107554877"/><sessioninfo id="Mac-mini-de-Sabrina.local-346aabb5" start="1685107745288" dump="1685107746776"/><sessioninfo id="Mac-mini-de-Sabrina.local-3f5048a" start="1685108373367" dump="1685108375706"/><sessioninfo id="Mac-mini-de-Sabrina.local-36cddef4" start="1685108467334" dump="1685108468257"/><sessioninfo id="Mac-mini-de-Sabrina.local-9c070c1c" start="1685108544204" dump="1685108560774"/><sessioninfo id="Mac-mini-de-Sabrina.local-5595eb8c" start="1685108597004" dump="1685108599785"/><sessioninfo id="Mac-mini-de-Sabrina.local-74ab7220" start="1685109057079" dump="1685109060071"/><sessioninfo id="Mac-mini-de-Sabrina.local-6748f819" start="1685109096055" dump="1685109117250"/><sessioninfo id="Mac-mini-de-Sabrina.local-d4fcd5eb" start="1685109137841" dump="1685109159157"/><sessioninfo id="Mac-mini-de-Sabrina.local-6c8cf5ee" start="1685109167204" dump="1685109178821"/><sessioninfo id="Mac-mini-de-Sabrina.local-2e00a3c6" start="1685110093744" dump="1685110139771"/><sessioninfo id="Mac-mini-de-Sabrina.local-b53f8ac5" start="1685111637434" dump="1685111688413"/><package name="com/tripmaster/tourguide/controller"><class name="com/tripmaster/tourguide/controller/TourGuideController" sourcefilename="TourGuideController.java"><method name="&lt;init&gt;" desc="()V" line="18"><counter type="INSTRUCTION" missed="3" covered="0"/><counter type="LINE" missed="1" covered="0"/><counter type="COMPLEXITY" missed="1" covered="0"/><counter type="METHOD" missed="1" covered="0"/></method><method name="index" desc="()Ljava/lang/String;" line="25"><counter type="INSTRUCTION" missed="2" covered="0"/><counter type="LINE" missed="1" covered="0"/><counter type="COMPLEXITY" missed="1" covered="0"/><counter type="METHOD" missed="1" covered="0"/></method><method name="getLocation" desc="(Ljava/lang/String;)Ljava/lang/String;" line="30"><counter type="INSTRUCTION" missed="11" covered="0"/><counter type="LINE" missed="2" covered="0"/><counter type="COMPLEXITY" missed="1" covered="0"/><counter type="METHOD" missed="1" covered="0"/></method><method name="getNearbyAttractions" desc="(Ljava/lang/String;)Ljava/lang/String;" line="45"><counter type="INSTRUCTION" missed="13" covered="0"/><counter type="LINE" missed="2" covered="0"/><counter type="COMPLEXITY" missed="1" covered="0"/><counter type="METHOD" missed="1" covered="0"/></method><method name="getRewards" desc="(Ljava/lang/String;)Ljava/lang/String;" line="51"><counter type="INSTRUCTION" missed="8" covered="0"/><counter type="LINE" missed="1" covered="0"/><counter type="COMPLEXITY" missed="1" covered="0"/><counter type="METHOD" missed="1" covered="0"/></method><method name="getAllCurrentLocations" desc="()Ljava/lang/String;" line="66"><counter type="INSTRUCTION" missed="3" covered="0"/><counter type="LINE" missed="1" covered="0"/><counter type="COMPLEXITY" missed="1" covered="0"/><counter type="METHOD" missed="1" covered="0"/></method><method name="getTripDeals" desc="(Ljava/lang/String;)Ljava/lang/String;" line="71"><counter type="INSTRUCTION" missed="10" covered="0"/><counter type="LINE" missed="2" covered="0"/><counter type="COMPLEXITY" missed="1" covered="0"/><counter type="METHOD" missed="1" covered="0"/></method><method name="getUser" desc="(Ljava/lang/String;)Lcom/tripmaster/tourguide/model/user/User;" line="76"><counter type="INSTRUCTION" missed="5" covered="0"/><counter type="LINE" missed="1" covered="0"/><counter type="COMPLEXITY" missed="1" covered="0"/><counter type="METHOD" missed="1" covered="0"/></method><counter type="INSTRUCTION" missed="55" covered="0"/><counter type="LINE" missed="11" covered="0"/><counter type="COMPLEXITY" missed="8" covered="0"/><counter type="METHOD" missed="8" covered="0"/><counter type="CLASS" missed="1" covered="0"/></class><sourcefile name="TourGuideController.java"><line nr="18" mi="3" ci="0" mb="0" cb="0"/><line nr="25" mi="2" ci="0" mb="0" cb="0"/><line nr="30" mi="7" ci="0" mb="0" cb="0"/><line nr="31" mi="4" ci="0" mb="0" cb="0"/><line nr="45" mi="7" ci="0" mb="0" cb="0"/><line nr="46" mi="6" ci="0" mb="0" cb="0"/><line nr="51" mi="8" ci="0" mb="0" cb="0"/><line nr="66" mi="3" ci="0" mb="0" cb="0"/><line nr="71" mi="7" ci="0" mb="0" cb="0"/><line nr="72" mi="3" ci="0" mb="0" cb="0"/><line nr="76" mi="5" ci="0" mb="0" cb="0"/><counter type="INSTRUCTION" missed="55" covered="0"/><counter type="LINE" missed="11" covered="0"/><counter type="COMPLEXITY" missed="8" covered="0"/><counter type="METHOD" missed="8" covered="0"/><counter type="CLASS" missed="1" covered="0"/></sourcefile><counter type="INSTRUCTION" missed="55" covered="0"/><counter type="LINE" missed="11" covered="0"/><counter type="COMPLEXITY" missed="8" covered="0"/><counter type="METHOD" missed="8" covered="0"/><counter type="CLASS" missed="1" covered="0"/></package><package name="com/tripmaster/tourguide/util"><class name="com/tripmaster/tourguide/util/Futures" sourcefilename="Futures.java"><method name="&lt;init&gt;" desc="()V" line="11"><counter type="INSTRUCTION" missed="6" covered="0"/><counter type="LINE" missed="2" covered="0"/><counter type="COMPLEXITY" missed="1" covered="0"/><counter type="METHOD" missed="1" covered="0"/></method><method name="listCompleted" desc="(Ljava/util/List;)Ljava/util/List;" line="25"><counter type="INSTRUCTION" missed="0" covered="20"/><counter type="LINE" missed="0" covered="4"/><counter type="COMPLEXITY" missed="0" covered="1"/><counter type="METHOD" missed="0" covered="1"/></method><method name="waitCompleted" desc="(Ljava/util/List;)V" line="44"><counter type="INSTRUCTION" missed="0" covered="12"/><counter type="LINE" missed="0" covered="4"/><counter type="COMPLEXITY" missed="0" covered="1"/><counter type="METHOD" missed="0" covered="1"/></method><method name="lambda$listCompleted$0" desc="(Ljava/util/List;Ljava/lang/Void;)Ljava/util/List;" line="29"><counter type="INSTRUCTION" missed="0" covered="8"/><counter type="LINE" missed="0" covered="3"/><counter type="COMPLEXITY" missed="0" covered="1"/><counter type="METHOD" missed="0" covered="1"/></method><counter type="INSTRUCTION" missed="6" covered="40"/><counter type="LINE" missed="2" covered="11"/><counter type="COMPLEXITY" missed="1" covered="3"/><counter type="METHOD" missed="1" covered="3"/><counter type="CLASS" missed="0" covered="1"/></class><sourcefile name="Futures.java"><line nr="11" mi="2" ci="0" mb="0" cb="0"/><line nr="12" mi="4" ci="0" mb="0" cb="0"/><line nr="25" mi="0" ci="2" mb="0" cb="0"/><line nr="26" mi="0" ci="6" mb="0" cb="0"/><line nr="28" mi="0" ci="5" mb="0" cb="0"/><line nr="29" mi="0" ci="2" mb="0" cb="0"/><line nr="30" mi="0" ci="1" mb="0" cb="0"/><line nr="31" mi="0" ci="5" mb="0" cb="0"/><line nr="33" mi="0" ci="7" mb="0" cb="0"/><line nr="44" mi="0" ci="2" mb="0" cb="0"/><line nr="45" mi="0" ci="6" mb="0" cb="0"/><line nr="46" mi="0" ci="3" mb="0" cb="0"/><line nr="47" mi="0" ci="1" mb="0" cb="0"/><counter type="INSTRUCTION" missed="6" covered="40"/><counter type="LINE" missed="2" covered="11"/><counter type="COMPLEXITY" missed="1" covered="3"/><counter type="METHOD" missed="1" covered="3"/><counter type="CLASS" missed="0" covered="1"/></sourcefile><counter type="INSTRUCTION" missed="6" covered="40"/><counter type="LINE" missed="2" covered="11"/><counter type="COMPLEXITY" missed="1" covered="3"/><counter type="METHOD" missed="1" covered="3"/><counter type="CLASS" missed="0" covered="1"/></package><package name="com/tripmaster/tourguide"><class name="com/tripmaster/tourguide/Application" sourcefilename="Application.java"><method name="&lt;init&gt;" desc="()V" line="9"><counter type="INSTRUCTION" missed="3" covered="0"/><counter type="LINE" missed="1" covered="0"/><counter type="COMPLEXITY" missed="1" covered="0"/><counter type="METHOD" missed="1" covered="0"/></method><method name="main" desc="([Ljava/lang/String;)V" line="13"><counter type="INSTRUCTION" missed="11" covered="0"/><counter type="LINE" missed="3" covered="0"/><counter type="COMPLEXITY" missed="1" covered="0"/><counter type="METHOD" missed="1" covered="0"/></method><counter type="INSTRUCTION" missed="14" covered="0"/><counter type="LINE" missed="4" covered="0"/><counter type="COMPLEXITY" missed="2" covered="0"/><counter type="METHOD" missed="2" covered="0"/><counter type="CLASS" missed="1" covered="0"/></class><sourcefile name="Application.java"><line nr="9" mi="3" ci="0" mb="0" cb="0"/><line nr="13" mi="6" ci="0" mb="0" cb="0"/><line nr="15" mi="4" ci="0" mb="0" cb="0"/><line nr="16" mi="1" ci="0" mb="0" cb="0"/><counter type="INSTRUCTION" missed="14" covered="0"/><counter type="LINE" missed="4" covered="0"/><counter type="COMPLEXITY" missed="2" covered="0"/><counter type="METHOD" missed="2" covered="0"/><counter type="CLASS" missed="1" covered="0"/></sourcefile><counter type="INSTRUCTION" missed="14" covered="0"/><counter type="LINE" missed="4" covered="0"/><counter type="COMPLEXITY" missed="2" covered="0"/><counter type="METHOD" missed="2" covered="0"/><counter type="CLASS" missed="1" covered="0"/></package><package name="com/tripmaster/tourguide/configuration"><class name="com/tripmaster/tourguide/configuration/TourGuideModule" sourcefilename="TourGuideModule.java"><method name="&lt;init&gt;" desc="()V" line="10"><counter type="INSTRUCTION" missed="3" covered="0"/><counter type="LINE" missed="1" covered="0"/><counter type="COMPLEXITY" missed="1" covered="0"/><counter type="METHOD" missed="1" covered="0"/></method><method name="getGpsUtil" desc="()LgpsUtil/GpsUtil;" line="14"><counter type="INSTRUCTION" missed="4" covered="0"/><counter type="LINE" missed="1" covered="0"/><counter type="COMPLEXITY" missed="1" covered="0"/><counter type="METHOD" missed="1" covered="0"/></method><method name="getRewardCentral" desc="()LrewardCentral/RewardCentral;" line="19"><counter type="INSTRUCTION" missed="4" covered="0"/><counter type="LINE" missed="1" covered="0"/><counter type="COMPLEXITY" missed="1" covered="0"/><counter type="METHOD" missed="1" covered="0"/></method><method name="getRewardsService" desc="()Lcom/tripmaster/tourguide/service/RewardsService;" line="24"><counter type="INSTRUCTION" missed="8" covered="0"/><counter type="LINE" missed="1" covered="0"/><counter type="COMPLEXITY" missed="1" covered="0"/><counter type="METHOD" missed="1" covered="0"/></method><counter type="INSTRUCTION" missed="19" covered="0"/><counter type="LINE" missed="4" covered="0"/><counter type="COMPLEXITY" missed="4" covered="0"/><counter type="METHOD" missed="4" covered="0"/><counter type="CLASS" missed="1" covered="0"/></class><sourcefile name="TourGuideModule.java"><line nr="10" mi="3" ci="0" mb="0" cb="0"/><line nr="14" mi="4" ci="0" mb="0" cb="0"/><line nr="19" mi="4" ci="0" mb="0" cb="0"/><line nr="24" mi="8" ci="0" mb="0" cb="0"/><counter type="INSTRUCTION" missed="19" covered="0"/><counter type="LINE" missed="4" covered="0"/><counter type="COMPLEXITY" missed="4" covered="0"/><counter type="METHOD" missed="4" covered="0"/><counter type="CLASS" missed="1" covered="0"/></sourcefile><counter type="INSTRUCTION" missed="19" covered="0"/><counter type="LINE" missed="4" covered="0"/><counter type="COMPLEXITY" missed="4" covered="0"/><counter type="METHOD" missed="4" covered="0"/><counter type="CLASS" missed="1" covered="0"/></package><package name="com/tripmaster/tourguide/model/tracker"><class name="com/tripmaster/tourguide/model/tracker/Tracker" sourcefilename="Tracker.java"><method name="&lt;init&gt;" desc="(Lcom/tripmaster/tourguide/service/TourGuideService;)V" line="16"><counter type="INSTRUCTION" missed="0" covered="21"/><counter type="LINE" missed="0" covered="7"/><counter type="COMPLEXITY" missed="0" covered="1"/><counter type="METHOD" missed="0" covered="1"/></method><method name="stopTracking" desc="()V" line="31"><counter type="INSTRUCTION" missed="0" covered="8"/><counter type="LINE" missed="0" covered="3"/><counter type="COMPLEXITY" missed="0" covered="1"/><counter type="METHOD" missed="0" covered="1"/></method><method name="run" desc="()V" line="37"><counter type="INSTRUCTION" missed="5" covered="56"/><counter type="BRANCH" missed="1" covered="3"/><counter type="LINE" missed="3" covered="15"/><counter type="COMPLEXITY" missed="1" covered="2"/><counter type="METHOD" missed="0" covered="1"/></method><method name="&lt;clinit&gt;" desc="()V" line="17"><counter type="INSTRUCTION" missed="0" covered="5"/><counter type="LINE" missed="0" covered="1"/><counter type="COMPLEXITY" missed="0" covered="1"/><counter type="METHOD" missed="0" covered="1"/></method><counter type="INSTRUCTION" missed="5" covered="90"/><counter type="BRANCH" missed="1" covered="3"/><counter type="LINE" missed="3" covered="26"/><counter type="COMPLEXITY" missed="1" covered="5"/><counter type="METHOD" missed="0" covered="4"/><counter type="CLASS" missed="0" covered="1"/></class><sourcefile name="Tracker.java"><line nr="16" mi="0" ci="4" mb="0" cb="0"/><line nr="17" mi="0" ci="5" mb="0" cb="0"/><line nr="18" mi="0" ci="3" mb="0" cb="0"/><line nr="20" mi="0" ci="3" mb="0" cb="0"/><line nr="22" mi="0" ci="2" mb="0" cb="0"/><line nr="23" mi="0" ci="3" mb="0" cb="0"/><line nr="24" mi="0" ci="5" mb="0" cb="0"/><line nr="25" mi="0" ci="1" mb="0" cb="0"/><line nr="31" mi="0" ci="3" mb="0" cb="0"/><line nr="32" mi="0" ci="4" mb="0" cb="0"/><line nr="33" mi="0" ci="1" mb="0" cb="0"/><line nr="37" mi="0" ci="4" mb="0" cb="0"/><line nr="39" mi="0" ci="6" mb="1" cb="3"/><line nr="40" mi="0" ci="4" mb="0" cb="0"/><line nr="41" mi="0" ci="1" mb="0" cb="0"/><line nr="44" mi="0" ci="4" mb="0" cb="0"/><line nr="45" mi="0" ci="7" mb="0" cb="0"/><line nr="46" mi="0" ci="2" mb="0" cb="0"/><line nr="47" mi="0" ci="8" mb="0" cb="0"/><line nr="48" mi="0" ci="2" mb="0" cb="0"/><line nr="49" mi="0" ci="9" mb="0" cb="0"/><line nr="50" mi="0" ci="2" mb="0" cb="0"/><line nr="52" mi="0" ci="4" mb="0" cb="0"/><line nr="53" mi="3" ci="0" mb="0" cb="0"/><line nr="54" mi="0" ci="1" mb="0" cb="0"/><line nr="55" mi="0" ci="1" mb="0" cb="0"/><line nr="56" mi="1" ci="0" mb="0" cb="0"/><line nr="57" mi="1" ci="0" mb="0" cb="0"/><line nr="59" mi="0" ci="1" mb="0" cb="0"/><counter type="INSTRUCTION" missed="5" covered="90"/><counter type="BRANCH" missed="1" covered="3"/><counter type="LINE" missed="3" covered="26"/><counter type="COMPLEXITY" missed="1" covered="5"/><counter type="METHOD" missed="0" covered="4"/><counter type="CLASS" missed="0" covered="1"/></sourcefile><counter type="INSTRUCTION" missed="5" covered="90"/><counter type="BRANCH" missed="1" covered="3"/><counter type="LINE" missed="3" covered="26"/><counter type="COMPLEXITY" missed="1" covered="5"/><counter type="METHOD" missed="0" covered="4"/><counter type="CLASS" missed="0" covered="1"/></package><package name="com/tripmaster/tourguide/service"><class name="com/tripmaster/tourguide/service/TourGuideService$1" sourcefilename="TourGuideService.java"><method name="&lt;init&gt;" desc="(Lcom/tripmaster/tourguide/service/TourGuideService;)V" line="132"><counter type="INSTRUCTION" missed="0" covered="6"/><counter type="LINE" missed="0" covered="1"/><counter type="COMPLEXITY" missed="0" covered="1"/><counter type="METHOD" missed="0" covered="1"/></method><method name="run" desc="()V" line="135"><counter type="INSTRUCTION" missed="0" covered="5"/><counter type="LINE" missed="0" covered="2"/><counter type="COMPLEXITY" missed="0" covered="1"/><counter type="METHOD" missed="0" covered="1"/></method><counter type="INSTRUCTION" missed="0" covered="11"/><counter type="LINE" missed="0" covered="3"/><counter type="COMPLEXITY" missed="0" covered="2"/><counter type="METHOD" missed="0" covered="2"/><counter type="CLASS" missed="0" covered="1"/></class><class name="com/tripmaster/tourguide/service/RewardsService" sourcefilename="RewardsService.java"><method name="&lt;init&gt;" desc="(LgpsUtil/GpsUtil;LrewardCentral/RewardCentral;)V" line="24"><counter type="INSTRUCTION" missed="0" covered="12"/><counter type="LINE" missed="0" covered="5"/><counter type="COMPLEXITY" missed="0" covered="1"/><counter type="METHOD" missed="0" covered="1"/></method><method name="setProximityBuffer" desc="(I)V" line="35"><counter type="INSTRUCTION" missed="0" covered="4"/><counter type="LINE" missed="0" covered="2"/><counter type="COMPLEXITY" missed="0" covered="1"/><counter type="METHOD" missed="0" covered="1"/></method><method name="setDefaultProximityBuffer" desc="()V" line="39"><counter type="INSTRUCTION" missed="4" covered="0"/><counter type="LINE" missed="2" covered="0"/><counter type="COMPLEXITY" missed="1" covered="0"/><counter type="METHOD" missed="1" covered="0"/></method><method name="calculateUsersRewards" desc="(Ljava/util/List;)V" line="44"><counter type="INSTRUCTION" missed="7" covered="15"/><counter type="LINE" missed="4" covered="6"/><counter type="COMPLEXITY" missed="0" covered="1"/><counter type="METHOD" missed="0" covered="1"/></method><method name="calculateRewards" desc="(Lcom/tripmaster/tourguide/model/user/User;)V" line="60"><counter type="INSTRUCTION" missed="0" covered="33"/><counter type="LINE" missed="0" covered="6"/><counter type="COMPLEXITY" missed="0" covered="1"/><counter type="METHOD" missed="0" covered="1"/></method><method name="isWithinAttractionProximity" desc="(LgpsUtil/location/Attraction;LgpsUtil/location/Location;)Z" line="78"><counter type="INSTRUCTION" missed="1" covered="10"/><counter type="BRANCH" missed="1" covered="1"/><counter type="LINE" missed="0" covered="1"/><counter type="COMPLEXITY" missed="1" covered="1"/><counter type="METHOD" missed="0" covered="1"/></method><method name="nearAttraction" desc="(LgpsUtil/location/VisitedLocation;LgpsUtil/location/Attraction;)Z" line="82"><counter type="INSTRUCTION" missed="0" covered="14"/><counter type="BRANCH" missed="0" covered="2"/><counter type="LINE" missed="0" covered="1"/><counter type="COMPLEXITY" missed="0" covered="2"/><counter type="METHOD" missed="0" covered="1"/></method><method name="getRewardPoints" desc="(LgpsUtil/location/Attraction;Lcom/tripmaster/tourguide/model/user/User;)I" line="86"><counter type="INSTRUCTION" missed="0" covered="8"/><counter type="LINE" missed="0" covered="1"/><counter type="COMPLEXITY" missed="0" covered="1"/><counter type="METHOD" missed="0" covered="1"/></method><method name="getDistance" desc="(LgpsUtil/location/Location;LgpsUtil/location/Location;)D" line="90"><counter type="INSTRUCTION" missed="0" covered="43"/><counter type="LINE" missed="0" covered="8"/><counter type="COMPLEXITY" missed="0" covered="1"/><counter type="METHOD" missed="0" covered="1"/></method><method name="lambda$calculateRewards$4" desc="(Ljava/util/List;Ljava/util/List;Lcom/tripmaster/tourguide/model/user/User;LgpsUtil/location/VisitedLocation;)V" line="65"><counter type="INSTRUCTION" missed="0" covered="8"/><counter type="LINE" missed="0" covered="1"/><counter type="COMPLEXITY" missed="0" covered="1"/><counter type="METHOD" missed="0" covered="1"/></method><method name="lambda$null$3" desc="(Ljava/util/List;LgpsUtil/location/VisitedLocation;Lcom/tripmaster/tourguide/model/user/User;LgpsUtil/location/Attraction;)V" line="67"><counter type="INSTRUCTION" missed="0" covered="24"/><counter type="BRANCH" missed="0" covered="4"/><counter type="LINE" missed="0" covered="4"/><counter type="COMPLEXITY" missed="0" covered="3"/><counter type="METHOD" missed="0" covered="1"/></method><method name="lambda$null$2" desc="(LgpsUtil/location/Attraction;Lcom/tripmaster/tourguide/model/user/UserReward;)Z" line="67"><counter type="INSTRUCTION" missed="0" covered="7"/><counter type="LINE" missed="0" covered="1"/><counter type="COMPLEXITY" missed="0" covered="1"/><counter type="METHOD" missed="0" covered="1"/></method><method name="lambda$calculateUsersRewards$1" desc="(Ljava/util/concurrent/ExecutorService;Lcom/tripmaster/tourguide/model/user/User;)Ljava/util/concurrent/CompletableFuture;" line="48"><counter type="INSTRUCTION" missed="0" covered="6"/><counter type="LINE" missed="0" covered="1"/><counter type="COMPLEXITY" missed="0" covered="1"/><counter type="METHOD" missed="0" covered="1"/></method><method name="lambda$null$0" desc="(Lcom/tripmaster/tourguide/model/user/User;)V" line="49"><counter type="INSTRUCTION" missed="0" covered="4"/><counter type="LINE" missed="0" covered="1"/><counter type="COMPLEXITY" missed="0" covered="1"/><counter type="METHOD" missed="0" covered="1"/></method><counter type="INSTRUCTION" missed="12" covered="188"/><counter type="BRANCH" missed="1" covered="7"/><counter type="LINE" missed="6" covered="36"/><counter type="COMPLEXITY" missed="2" covered="16"/><counter type="METHOD" missed="1" covered="13"/><counter type="CLASS" missed="0" covered="1"/></class><class name="com/tripmaster/tourguide/service/TourGuideService" sourcefilename="TourGuideService.java"><method name="&lt;init&gt;" desc="(LgpsUtil/GpsUtil;Lcom/tripmaster/tourguide/service/RewardsService;)V" line="27"><counter type="INSTRUCTION" missed="0" covered="51"/><counter type="BRANCH" missed="1" covered="1"/><counter type="LINE" missed="0" covered="15"/><counter type="COMPLEXITY" missed="1" covered="1"/><counter type="METHOD" missed="0" covered="1"/></method><method name="getUserRewards" desc="(Lcom/tripmaster/tourguide/model/user/User;)Ljava/util/List;" line="49"><counter type="INSTRUCTION" missed="0" covered="3"/><counter type="LINE" missed="0" covered="1"/><counter type="COMPLEXITY" missed="0" covered="1"/><counter type="METHOD" missed="0" covered="1"/></method><method name="getUserLocation" desc="(Lcom/tripmaster/tourguide/model/user/User;)LgpsUtil/location/VisitedLocation;" line="53"><counter type="INSTRUCTION" missed="11" covered="0"/><counter type="BRANCH" missed="2" covered="0"/><counter type="LINE" missed="3" covered="0"/><counter type="COMPLEXITY" missed="2" covered="0"/><counter type="METHOD" missed="1" covered="0"/></method><method name="getUser" desc="(Ljava/lang/String;)Lcom/tripmaster/tourguide/model/user/User;" line="59"><counter type="INSTRUCTION" missed="0" covered="6"/><counter type="LINE" missed="0" covered="1"/><counter type="COMPLEXITY" missed="0" covered="1"/><counter type="METHOD" missed="0" covered="1"/></method><method name="getAllUsers" desc="()Ljava/util/List;" line="63"><counter type="INSTRUCTION" missed="0" covered="7"/><counter type="LINE" missed="0" covered="1"/><counter type="COMPLEXITY" missed="0" covered="1"/><counter type="METHOD" missed="0" covered="1"/></method><method name="addUser" desc="(Lcom/tripmaster/tourguide/model/user/User;)V" line="67"><counter type="INSTRUCTION" missed="0" covered="14"/><counter type="BRANCH" missed="1" covered="1"/><counter type="LINE" missed="0" covered="3"/><counter type="COMPLEXITY" missed="1" covered="1"/><counter type="METHOD" missed="0" covered="1"/></method><method name="getTripDeals" desc="(Lcom/tripmaster/tourguide/model/user/User;)Ljava/util/List;" line="73"><counter type="INSTRUCTION" missed="0" covered="29"/><counter type="LINE" missed="0" covered="5"/><counter type="COMPLEXITY" missed="0" covered="1"/><counter type="METHOD" missed="0" covered="1"/></method><method name="trackUserLocation" desc="(Lcom/tripmaster/tourguide/model/user/User;)LgpsUtil/location/VisitedLocation;" line="82"><counter type="INSTRUCTION" missed="0" covered="15"/><counter type="LINE" missed="0" covered="4"/><counter type="COMPLEXITY" missed="0" covered="1"/><counter type="METHOD" missed="0" covered="1"/></method><method name="trackUsersLocations" desc="(Ljava/util/List;)Ljava/util/List;" line="91"><counter type="INSTRUCTION" missed="10" covered="14"/><counter type="LINE" missed="6" covered="4"/><counter type="COMPLEXITY" missed="0" covered="1"/><counter type="METHOD" missed="0" covered="1"/></method><method name="getNearbyAttractions" desc="(LgpsUtil/location/VisitedLocation;)Ljava/util/List;" line="111"><counter type="INSTRUCTION" missed="0" covered="61"/><counter type="BRANCH" missed="0" covered="8"/><counter type="LINE" missed="0" covered="12"/><counter type="COMPLEXITY" missed="0" covered="5"/><counter type="METHOD" missed="0" covered="1"/></method><method name="addShutDownHook" desc="()V" line="132"><counter type="INSTRUCTION" missed="0" covered="7"/><counter type="LINE" missed="0" covered="2"/><counter type="COMPLEXITY" missed="0" covered="1"/><counter type="METHOD" missed="0" covered="1"/></method><method name="initializeInternalUsers" desc="()V" line="150"><counter type="INSTRUCTION" missed="0" covered="13"/><counter type="LINE" missed="0" covered="3"/><counter type="COMPLEXITY" missed="0" covered="1"/><counter type="METHOD" missed="0" covered="1"/></method><method name="generateUserLocationHistory" desc="(Lcom/tripmaster/tourguide/model/user/User;)V" line="163"><counter type="INSTRUCTION" missed="0" covered="8"/><counter type="LINE" missed="0" covered="2"/><counter type="COMPLEXITY" missed="0" covered="1"/><counter type="METHOD" missed="0" covered="1"/></method><method name="generateRandomLongitude" desc="()D" line="172"><counter type="INSTRUCTION" missed="0" covered="15"/><counter type="LINE" missed="0" covered="3"/><counter type="COMPLEXITY" missed="0" covered="1"/><counter type="METHOD" missed="0" covered="1"/></method><method name="generateRandomLatitude" desc="()D" line="178"><counter type="INSTRUCTION" missed="0" covered="15"/><counter type="LINE" missed="0" covered="3"/><counter type="COMPLEXITY" missed="0" covered="1"/><counter type="METHOD" missed="0" covered="1"/></method><method name="getRandomTime" desc="()Ljava/util/Date;" line="184"><counter type="INSTRUCTION" missed="0" covered="14"/><counter type="LINE" missed="0" covered="2"/><counter type="COMPLEXITY" missed="0" covered="1"/><counter type="METHOD" missed="0" covered="1"/></method><method name="lambda$generateUserLocationHistory$3" desc="(Lcom/tripmaster/tourguide/model/user/User;I)V" line="163"><counter type="INSTRUCTION" missed="0" covered="17"/><counter type="LINE" missed="0" covered="5"/><counter type="COMPLEXITY" missed="0" covered="1"/><counter type="METHOD" missed="0" covered="1"/></method><method name="lambda$initializeInternalUsers$2" desc="(I)V" line="151"><counter type="INSTRUCTION" missed="0" covered="38"/><counter type="LINE" missed="0" covered="7"/><counter type="COMPLEXITY" missed="0" covered="1"/><counter type="METHOD" missed="0" covered="1"/></method><method name="lambda$trackUsersLocations$1" desc="(Ljava/util/concurrent/ExecutorService;Lcom/tripmaster/tourguide/model/user/User;)Ljava/util/concurrent/CompletableFuture;" line="95"><counter type="INSTRUCTION" missed="0" covered="6"/><counter type="LINE" missed="0" covered="1"/><counter type="COMPLEXITY" missed="0" covered="1"/><counter type="METHOD" missed="0" covered="1"/></method><method name="lambda$null$0" desc="(Lcom/tripmaster/tourguide/model/user/User;)LgpsUtil/location/VisitedLocation;" line="96"><counter type="INSTRUCTION" missed="0" covered="4"/><counter type="LINE" missed="0" covered="1"/><counter type="COMPLEXITY" missed="0" covered="1"/><counter type="METHOD" missed="0" covered="1"/></method><counter type="INSTRUCTION" missed="21" covered="337"/><counter type="BRANCH" missed="4" covered="10"/><counter type="LINE" missed="9" covered="73"/><counter type="COMPLEXITY" missed="4" covered="23"/><counter type="METHOD" missed="1" covered="19"/><counter type="CLASS" missed="0" covered="1"/></class><sourcefile name="RewardsService.java"><line nr="24" mi="0" ci="3" mb="0" cb="0"/><line nr="29" mi="0" ci="2" mb="0" cb="0"/><line nr="30" mi="0" ci="3" mb="0" cb="0"/><line nr="31" mi="0" ci="3" mb="0" cb="0"/><line nr="32" mi="0" ci="1" mb="0" cb="0"/><line nr="35" mi="0" ci="3" mb="0" cb="0"/><line nr="36" mi="0" ci="1" mb="0" cb="0"/><line nr="39" mi="3" ci="0" mb="0" cb="0"/><line nr="40" mi="1" ci="0" mb="0" cb="0"/><line nr="44" mi="0" ci="3" mb="0" cb="0"/><line nr="47" mi="0" ci="2" mb="0" cb="0"/><line nr="48" mi="0" ci="11" mb="0" cb="0"/><line nr="49" mi="0" ci="4" mb="0" cb="0"/><line nr="50" mi="0" ci="3" mb="0" cb="0"/><line nr="52" mi="1" ci="0" mb="0" cb="0"/><line nr="53" mi="2" ci="0" mb="0" cb="0"/><line nr="54" mi="1" ci="0" mb="0" cb="0"/><line nr="55" mi="2" ci="0" mb="0" cb="0"/><line nr="56" mi="1" ci="1" mb="0" cb="0"/><line nr="57" mi="0" ci="1" mb="0" cb="0"/><line nr="60" mi="0" ci="6" mb="0" cb="0"/><line nr="61" mi="0" ci="7" mb="0" cb="0"/><line nr="62" mi="0" ci="6" mb="0" cb="0"/><line nr="64" mi="0" ci="7" mb="0" cb="0"/><line nr="65" mi="0" ci="8" mb="0" cb="0"/><line nr="67" mi="0" ci="16" mb="0" cb="2"/><line nr="68" mi="0" ci="2" mb="0" cb="2"/><line nr="69" mi="0" ci="12" mb="0" cb="0"/><line nr="71" mi="0" ci="1" mb="0" cb="0"/><line nr="74" mi="0" ci="6" mb="0" cb="0"/><line nr="75" mi="0" ci="1" mb="0" cb="0"/><line nr="78" mi="1" ci="10" mb="1" cb="1"/><line nr="82" mi="0" ci="14" mb="0" cb="2"/><line nr="86" mi="0" ci="8" mb="0" cb="0"/><line nr="90" mi="0" ci="4" mb="0" cb="0"/><line nr="91" mi="0" ci="4" mb="0" cb="0"/><line nr="92" mi="0" ci="4" mb="0" cb="0"/><line nr="93" mi="0" ci="4" mb="0" cb="0"/><line nr="95" mi="0" ci="8" mb="0" cb="0"/><line nr="96" mi="0" ci="10" mb="0" cb="0"/><line nr="98" mi="0" ci="5" mb="0" cb="0"/><line nr="100" mi="0" ci="4" mb="0" cb="0"/><counter type="INSTRUCTION" missed="12" covered="188"/><counter type="BRANCH" missed="1" covered="7"/><counter type="LINE" missed="6" covered="36"/><counter type="COMPLEXITY" missed="2" covered="16"/><counter type="METHOD" missed="1" covered="13"/><counter type="CLASS" missed="0" covered="1"/></sourcefile><sourcefile name="TourGuideService.java"><line nr="27" mi="0" ci="4" mb="0" cb="0"/><line nr="30" mi="0" ci="5" mb="0" cb="0"/><line nr="32" mi="0" ci="3" mb="0" cb="0"/><line nr="34" mi="0" ci="2" mb="0" cb="0"/><line nr="35" mi="0" ci="3" mb="0" cb="0"/><line nr="36" mi="0" ci="3" mb="0" cb="0"/><line nr="38" mi="0" ci="3" mb="1" cb="1"/><line nr="39" mi="0" ci="4" mb="0" cb="0"/><line nr="40" mi="0" ci="4" mb="0" cb="0"/><line nr="41" mi="0" ci="2" mb="0" cb="0"/><line nr="42" mi="0" ci="4" mb="0" cb="0"/><line nr="44" mi="0" ci="6" mb="0" cb="0"/><line nr="45" mi="0" ci="2" mb="0" cb="0"/><line nr="46" mi="0" ci="1" mb="0" cb="0"/><line nr="49" mi="0" ci="3" mb="0" cb="0"/><line nr="53" mi="6" ci="0" mb="2" cb="0"/><line nr="54" mi="4" ci="0" mb="0" cb="0"/><line nr="55" mi="1" ci="0" mb="0" cb="0"/><line nr="59" mi="0" ci="6" mb="0" cb="0"/><line nr="63" mi="0" ci="7" mb="0" cb="0"/><line nr="67" mi="0" ci="6" mb="1" cb="1"/><line nr="68" mi="0" ci="7" mb="0" cb="0"/><line nr="70" mi="0" ci="1" mb="0" cb="0"/><line nr="73" mi="0" ci="7" mb="0" cb="0"/><line nr="74" mi="0" ci="11" mb="0" cb="0"/><line nr="75" mi="0" ci="6" mb="0" cb="0"/><line nr="76" mi="0" ci="3" mb="0" cb="0"/><line nr="77" mi="0" ci="2" mb="0" cb="0"/><line nr="82" mi="0" ci="6" mb="0" cb="0"/><line nr="83" mi="0" ci="4" mb="0" cb="0"/><line nr="84" mi="0" ci="3" mb="0" cb="0"/><line nr="86" mi="0" ci="2" mb="0" cb="0"/><line nr="91" mi="0" ci="3" mb="0" cb="0"/><line nr="94" mi="0" ci="3" mb="0" cb="0"/><line nr="95" mi="0" ci="11" mb="0" cb="0"/><line nr="96" mi="0" ci="4" mb="0" cb="0"/><line nr="98" mi="0" ci="3" mb="0" cb="0"/><line nr="101" mi="1" ci="0" mb="0" cb="0"/><line nr="102" mi="2" ci="0" mb="0" cb="0"/><line nr="103" mi="2" ci="0" mb="0" cb="0"/><line nr="104" mi="1" ci="0" mb="0" cb="0"/><line nr="105" mi="2" ci="0" mb="0" cb="0"/><line nr="106" mi="2" ci="0" mb="0" cb="0"/><line nr="111" mi="0" ci="4" mb="0" cb="0"/><line nr="113" mi="0" ci="12" mb="0" cb="2"/><line nr="115" mi="0" ci="4" mb="0" cb="2"/><line nr="116" mi="0" ci="5" mb="0" cb="0"/><line nr="118" mi="0" ci="10" mb="0" cb="2"/><line nr="119" mi="0" ci="11" mb="0" cb="0"/><line nr="120" mi="0" ci="3" mb="0" cb="2"/><line nr="121" mi="0" ci="4" mb="0" cb="0"/><line nr="122" mi="0" ci="4" mb="0" cb="0"/><line nr="124" mi="0" ci="1" mb="0" cb="0"/><line nr="126" mi="0" ci="1" mb="0" cb="0"/><line nr="128" mi="0" ci="2" mb="0" cb="0"/><line nr="132" mi="0" ci="12" mb="0" cb="0"/><line nr="135" mi="0" ci="4" mb="0" cb="0"/><line nr="136" mi="0" ci="1" mb="0" cb="0"/><line nr="138" mi="0" ci="1" mb="0" cb="0"/><line nr="147" mi="0" ci="5" mb="0" cb="0"/><line nr="150" mi="0" ci="6" mb="0" cb="0"/><line nr="151" mi="0" ci="9" mb="0" cb="0"/><line nr="152" mi="0" ci="2" mb="0" cb="0"/><line nr="153" mi="0" ci="9" mb="0" cb="0"/><line nr="154" mi="0" ci="8" mb="0" cb="0"/><line nr="155" mi="0" ci="3" mb="0" cb="0"/><line nr="157" mi="0" ci="6" mb="0" cb="0"/><line nr="158" mi="0" ci="1" mb="0" cb="0"/><line nr="159" mi="0" ci="6" mb="0" cb="0"/><line nr="160" mi="0" ci="1" mb="0" cb="0"/><line nr="163" mi="0" ci="13" mb="0" cb="0"/><line nr="164" mi="0" ci="4" mb="0" cb="0"/><line nr="165" mi="0" ci="2" mb="0" cb="0"/><line nr="166" mi="0" ci="3" mb="0" cb="0"/><line nr="167" mi="0" ci="2" mb="0" cb="0"/><line nr="169" mi="0" ci="1" mb="0" cb="0"/><line nr="172" mi="0" ci="2" mb="0" cb="0"/><line nr="173" mi="0" ci="2" mb="0" cb="0"/><line nr="174" mi="0" ci="11" mb="0" cb="0"/><line nr="178" mi="0" ci="2" mb="0" cb="0"/><line nr="179" mi="0" ci="2" mb="0" cb="0"/><line nr="180" mi="0" ci="11" mb="0" cb="0"/><line nr="184" mi="0" ci="9" mb="0" cb="0"/><line nr="185" mi="0" ci="5" mb="0" cb="0"/><counter type="INSTRUCTION" missed="21" covered="348"/><counter type="BRANCH" missed="4" covered="10"/><counter type="LINE" missed="9" covered="75"/><counter type="COMPLEXITY" missed="4" covered="25"/><counter type="METHOD" missed="1" covered="21"/><counter type="CLASS" missed="0" covered="2"/></sourcefile><counter type="INSTRUCTION" missed="33" covered="536"/><counter type="BRANCH" missed="5" covered="17"/><counter type="LINE" missed="15" covered="111"/><counter type="COMPLEXITY" missed="6" covered="41"/><counter type="METHOD" missed="2" covered="34"/><counter type="CLASS" missed="0" covered="3"/></package><package name="com/tripmaster/tourguide/model/user"><class name="com/tripmaster/tourguide/model/user/UserPreferences" sourcefilename="UserPreferences.java"><method name="&lt;init&gt;" desc="()V" line="11"><counter type="INSTRUCTION" missed="0" covered="38"/><counter type="LINE" missed="0" covered="10"/><counter type="COMPLEXITY" missed="0" covered="1"/><counter type="METHOD" missed="0" covered="1"/></method><method name="setAttractionProximity" desc="(I)V" line="24"><counter type="INSTRUCTION" missed="4" covered="0"/><counter type="LINE" missed="2" covered="0"/><counter type="COMPLEXITY" missed="1" covered="0"/><counter type="METHOD" missed="1" covered="0"/></method><method name="getAttractionProximity" desc="()I" line="28"><counter type="INSTRUCTION" missed="3" covered="0"/><counter type="LINE" missed="1" covered="0"/><counter type="COMPLEXITY" missed="1" covered="0"/><counter type="METHOD" missed="1" covered="0"/></method><method name="getLowerPricePoint" desc="()Lorg/javamoney/moneta/Money;" line="32"><counter type="INSTRUCTION" missed="3" covered="0"/><counter type="LINE" missed="1" covered="0"/><counter type="COMPLEXITY" missed="1" covered="0"/><counter type="METHOD" missed="1" covered="0"/></method><method name="setLowerPricePoint" desc="(Lorg/javamoney/moneta/Money;)V" line="36"><counter type="INSTRUCTION" missed="4" covered="0"/><counter type="LINE" missed="2" covered="0"/><counter type="COMPLEXITY" missed="1" covered="0"/><counter type="METHOD" missed="1" covered="0"/></method><method name="getHighPricePoint" desc="()Lorg/javamoney/moneta/Money;" line="40"><counter type="INSTRUCTION" missed="3" covered="0"/><counter type="LINE" missed="1" covered="0"/><counter type="COMPLEXITY" missed="1" covered="0"/><counter type="METHOD" missed="1" covered="0"/></method><method name="setHighPricePoint" desc="(Lorg/javamoney/moneta/Money;)V" line="44"><counter type="INSTRUCTION" missed="4" covered="0"/><counter type="LINE" missed="2" covered="0"/><counter type="COMPLEXITY" missed="1" covered="0"/><counter type="METHOD" missed="1" covered="0"/></method><method name="getTripDuration" desc="()I" line="48"><counter type="INSTRUCTION" missed="0" covered="3"/><counter type="LINE" missed="0" covered="1"/><counter type="COMPLEXITY" missed="0" covered="1"/><counter type="METHOD" missed="0" covered="1"/></method><method name="setTripDuration" desc="(I)V" line="52"><counter type="INSTRUCTION" missed="4" covered="0"/><counter type="LINE" missed="2" covered="0"/><counter type="COMPLEXITY" missed="1" covered="0"/><counter type="METHOD" missed="1" covered="0"/></method><method name="getTicketQuantity" desc="()I" line="56"><counter type="INSTRUCTION" missed="3" covered="0"/><counter type="LINE" missed="1" covered="0"/><counter type="COMPLEXITY" missed="1" covered="0"/><counter type="METHOD" missed="1" covered="0"/></method><method name="setTicketQuantity" desc="(I)V" line="60"><counter type="INSTRUCTION" missed="4" covered="0"/><counter type="LINE" missed="2" covered="0"/><counter type="COMPLEXITY" missed="1" covered="0"/><counter type="METHOD" missed="1" covered="0"/></method><method name="getNumberOfAdults" desc="()I" line="64"><counter type="INSTRUCTION" missed="0" covered="3"/><counter type="LINE" missed="0" covered="1"/><counter type="COMPLEXITY" missed="0" covered="1"/><counter type="METHOD" missed="0" covered="1"/></method><method name="setNumberOfAdults" desc="(I)V" line="68"><counter type="INSTRUCTION" missed="4" covered="0"/><counter type="LINE" missed="2" covered="0"/><counter type="COMPLEXITY" missed="1" covered="0"/><counter type="METHOD" missed="1" covered="0"/></method><method name="getNumberOfChildren" desc="()I" line="72"><counter type="INSTRUCTION" missed="0" covered="3"/><counter type="LINE" missed="0" covered="1"/><counter type="COMPLEXITY" missed="0" covered="1"/><counter type="METHOD" missed="0" covered="1"/></method><method name="setNumberOfChildren" desc="(I)V" line="76"><counter type="INSTRUCTION" missed="4" covered="0"/><counter type="LINE" missed="2" covered="0"/><counter type="COMPLEXITY" missed="1" covered="0"/><counter type="METHOD" missed="1" covered="0"/></method><counter type="INSTRUCTION" missed="40" covered="47"/><counter type="LINE" missed="18" covered="13"/><counter type="COMPLEXITY" missed="11" covered="4"/><counter type="METHOD" missed="11" covered="4"/><counter type="CLASS" missed="0" covered="1"/></class><class name="com/tripmaster/tourguide/model/user/UserReward" sourcefilename="UserReward.java"><method name="&lt;init&gt;" desc="(LgpsUtil/location/VisitedLocation;LgpsUtil/location/Attraction;I)V" line="12"><counter type="INSTRUCTION" missed="0" covered="12"/><counter type="LINE" missed="0" covered="5"/><counter type="COMPLEXITY" missed="0" covered="1"/><counter type="METHOD" missed="0" covered="1"/></method><method name="&lt;init&gt;" desc="(LgpsUtil/location/VisitedLocation;LgpsUtil/location/Attraction;)V" line="18"><counter type="INSTRUCTION" missed="9" covered="0"/><counter type="LINE" missed="4" covered="0"/><counter type="COMPLEXITY" missed="1" covered="0"/><counter type="METHOD" missed="1" covered="0"/></method><method name="setRewardPoints" desc="(I)V" line="24"><counter type="INSTRUCTION" missed="4" covered="0"/><counter type="LINE" missed="2" covered="0"/><counter type="COMPLEXITY" missed="1" covered="0"/><counter type="METHOD" missed="1" covered="0"/></method><method name="getRewardPoints" desc="()I" line="28"><counter type="INSTRUCTION" missed="3" covered="0"/><counter type="LINE" missed="1" covered="0"/><counter type="COMPLEXITY" missed="1" covered="0"/><counter type="METHOD" missed="1" covered="0"/></method><counter type="INSTRUCTION" missed="16" covered="12"/><counter type="LINE" missed="7" covered="5"/><counter type="COMPLEXITY" missed="3" covered="1"/><counter type="METHOD" missed="3" covered="1"/><counter type="CLASS" missed="0" covered="1"/></class><class name="com/tripmaster/tourguide/model/user/User" sourcefilename="User.java"><method name="&lt;init&gt;" desc="(Ljava/util/UUID;Ljava/lang/String;Ljava/lang/String;Ljava/lang/String;)V" line="17"><counter type="INSTRUCTION" missed="0" covered="35"/><counter type="LINE" missed="0" covered="10"/><counter type="COMPLEXITY" missed="0" covered="1"/><counter type="METHOD" missed="0" covered="1"/></method><method name="getUserId" desc="()Ljava/util/UUID;" line="30"><counter type="INSTRUCTION" missed="0" covered="3"/><counter type="LINE" missed="0" covered="1"/><counter type="COMPLEXITY" missed="0" covered="1"/><counter type="METHOD" missed="0" covered="1"/></method><method name="getUserName" desc="()Ljava/lang/String;" line="34"><counter type="INSTRUCTION" missed="0" covered="3"/><counter type="LINE" missed="0" covered="1"/><counter type="COMPLEXITY" missed="0" covered="1"/><counter type="METHOD" missed="0" covered="1"/></method><method name="setPhoneNumber" desc="(Ljava/lang/String;)V" line="38"><counter type="INSTRUCTION" missed="4" covered="0"/><counter type="LINE" missed="2" covered="0"/><counter type="COMPLEXITY" missed="1" covered="0"/><counter type="METHOD" missed="1" covered="0"/></method><method name="getPhoneNumber" desc="()Ljava/lang/String;" line="42"><counter type="INSTRUCTION" missed="3" covered="0"/><counter type="LINE" missed="1" covered="0"/><counter type="COMPLEXITY" missed="1" covered="0"/><counter type="METHOD" missed="1" covered="0"/></method><method name="setEmailAddress" desc="(Ljava/lang/String;)V" line="46"><counter type="INSTRUCTION" missed="4" covered="0"/><counter type="LINE" missed="2" covered="0"/><counter type="COMPLEXITY" missed="1" covered="0"/><counter type="METHOD" missed="1" covered="0"/></method><method name="getEmailAddress" desc="()Ljava/lang/String;" line="50"><counter type="INSTRUCTION" missed="3" covered="0"/><counter type="LINE" missed="1" covered="0"/><counter type="COMPLEXITY" missed="1" covered="0"/><counter type="METHOD" missed="1" covered="0"/></method><method name="setLatestLocationTimestamp" desc="(Ljava/util/Date;)V" line="54"><counter type="INSTRUCTION" missed="4" covered="0"/><counter type="LINE" missed="2" covered="0"/><counter type="COMPLEXITY" missed="1" covered="0"/><counter type="METHOD" missed="1" covered="0"/></method><method name="getLatestLocationTimestamp" desc="()Ljava/util/Date;" line="58"><counter type="INSTRUCTION" missed="3" covered="0"/><counter type="LINE" missed="1" covered="0"/><counter type="COMPLEXITY" missed="1" covered="0"/><counter type="METHOD" missed="1" covered="0"/></method><method name="addToVisitedLocations" desc="(LgpsUtil/location/VisitedLocation;)V" line="62"><counter type="INSTRUCTION" missed="0" covered="6"/><counter type="LINE" missed="0" covered="2"/><counter type="COMPLEXITY" missed="0" covered="1"/><counter type="METHOD" missed="0" covered="1"/></method><method name="getVisitedLocations" desc="()Ljava/util/List;" line="66"><counter type="INSTRUCTION" missed="0" covered="3"/><counter type="LINE" missed="0" covered="1"/><counter type="COMPLEXITY" missed="0" covered="1"/><counter type="METHOD" missed="0" covered="1"/></method><method name="clearVisitedLocations" desc="()V" line="70"><counter type="INSTRUCTION" missed="4" covered="0"/><counter type="LINE" missed="2" covered="0"/><counter type="COMPLEXITY" missed="1" covered="0"/><counter type="METHOD" missed="1" covered="0"/></method><method name="getUserRewards" desc="()Ljava/util/List;" line="74"><counter type="INSTRUCTION" missed="0" covered="3"/><counter type="LINE" missed="0" covered="1"/><counter type="COMPLEXITY" missed="0" covered="1"/><counter type="METHOD" missed="0" covered="1"/></method><method name="getUserPreferences" desc="()Lcom/tripmaster/tourguide/model/user/UserPreferences;" line="78"><counter type="INSTRUCTION" missed="0" covered="3"/><counter type="LINE" missed="0" covered="1"/><counter type="COMPLEXITY" missed="0" covered="1"/><counter type="METHOD" missed="0" covered="1"/></method><method name="setUserPreferences" desc="(Lcom/tripmaster/tourguide/model/user/UserPreferences;)V" line="82"><counter type="INSTRUCTION" missed="4" covered="0"/><counter type="LINE" missed="2" covered="0"/><counter type="COMPLEXITY" missed="1" covered="0"/><counter type="METHOD" missed="1" covered="0"/></method><method name="getLastVisitedLocation" desc="()LgpsUtil/location/VisitedLocation;" line="86"><counter type="INSTRUCTION" missed="10" covered="0"/><counter type="LINE" missed="1" covered="0"/><counter type="COMPLEXITY" missed="1" covered="0"/><counter type="METHOD" missed="1" covered="0"/></method><method name="setTripDeals" desc="(Ljava/util/List;)V" line="90"><counter type="INSTRUCTION" missed="0" covered="4"/><counter type="LINE" missed="0" covered="2"/><counter type="COMPLEXITY" missed="0" covered="1"/><counter type="METHOD" missed="0" covered="1"/></method><method name="getTripDeals" desc="()Ljava/util/List;" line="94"><counter type="INSTRUCTION" missed="3" covered="0"/><counter type="LINE" missed="1" covered="0"/><counter type="COMPLEXITY" missed="1" covered="0"/><counter type="METHOD" missed="1" covered="0"/></method><method name="setUserRewards" desc="(Ljava/util/List;)V" line="98"><counter type="INSTRUCTION" missed="0" covered="4"/><counter type="LINE" missed="0" covered="2"/><counter type="COMPLEXITY" missed="0" covered="1"/><counter type="METHOD" missed="0" covered="1"/></method><counter type="INSTRUCTION" missed="42" covered="64"/><counter type="LINE" missed="15" covered="21"/><counter type="COMPLEXITY" missed="10" covered="9"/><counter type="METHOD" missed="10" covered="9"/><counter type="CLASS" missed="0" covered="1"/></class><sourcefile name="UserPreferences.java"><line nr="11" mi="0" ci="3" mb="0" cb="0"/><line nr="12" mi="0" ci="6" mb="0" cb="0"/><line nr="13" mi="0" ci="7" mb="0" cb="0"/><line nr="14" mi="0" ci="7" mb="0" cb="0"/><line nr="15" mi="0" ci="3" mb="0" cb="0"/><line nr="16" mi="0" ci="3" mb="0" cb="0"/><line nr="17" mi="0" ci="3" mb="0" cb="0"/><line nr="18" mi="0" ci="3" mb="0" cb="0"/><line nr="20" mi="0" ci="2" mb="0" cb="0"/><line nr="21" mi="0" ci="1" mb="0" cb="0"/><line nr="24" mi="3" ci="0" mb="0" cb="0"/><line nr="25" mi="1" ci="0" mb="0" cb="0"/><line nr="28" mi="3" ci="0" mb="0" cb="0"/><line nr="32" mi="3" ci="0" mb="0" cb="0"/><line nr="36" mi="3" ci="0" mb="0" cb="0"/><line nr="37" mi="1" ci="0" mb="0" cb="0"/><line nr="40" mi="3" ci="0" mb="0" cb="0"/><line nr="44" mi="3" ci="0" mb="0" cb="0"/><line nr="45" mi="1" ci="0" mb="0" cb="0"/><line nr="48" mi="0" ci="3" mb="0" cb="0"/><line nr="52" mi="3" ci="0" mb="0" cb="0"/><line nr="53" mi="1" ci="0" mb="0" cb="0"/><line nr="56" mi="3" ci="0" mb="0" cb="0"/><line nr="60" mi="3" ci="0" mb="0" cb="0"/><line nr="61" mi="1" ci="0" mb="0" cb="0"/><line nr="64" mi="0" ci="3" mb="0" cb="0"/><line nr="68" mi="3" ci="0" mb="0" cb="0"/><line nr="69" mi="1" ci="0" mb="0" cb="0"/><line nr="72" mi="0" ci="3" mb="0" cb="0"/><line nr="76" mi="3" ci="0" mb="0" cb="0"/><line nr="77" mi="1" ci="0" mb="0" cb="0"/><counter type="INSTRUCTION" missed="40" covered="47"/><counter type="LINE" missed="18" covered="13"/><counter type="COMPLEXITY" missed="11" covered="4"/><counter type="METHOD" missed="11" covered="4"/><counter type="CLASS" missed="0" covered="1"/></sourcefile><sourcefile name="User.java"><line nr="17" mi="0" ci="5" mb="0" cb="0"/><line nr="18" mi="0" ci="5" mb="0" cb="0"/><line nr="19" mi="0" ci="5" mb="0" cb="0"/><line nr="20" mi="0" ci="5" mb="0" cb="0"/><line nr="22" mi="0" ci="2" mb="0" cb="0"/><line nr="23" mi="0" ci="3" mb="0" cb="0"/><line nr="24" mi="0" ci="3" mb="0" cb="0"/><line nr="25" mi="0" ci="3" mb="0" cb="0"/><line nr="26" mi="0" ci="3" mb="0" cb="0"/><line nr="27" mi="0" ci="1" mb="0" cb="0"/><line nr="30" mi="0" ci="3" mb="0" cb="0"/><line nr="34" mi="0" ci="3" mb="0" cb="0"/><line nr="38" mi="3" ci="0" mb="0" cb="0"/><line nr="39" mi="1" ci="0" mb="0" cb="0"/><line nr="42" mi="3" ci="0" mb="0" cb="0"/><line nr="46" mi="3" ci="0" mb="0" cb="0"/><line nr="47" mi="1" ci="0" mb="0" cb="0"/><line nr="50" mi="3" ci="0" mb="0" cb="0"/><line nr="54" mi="3" ci="0" mb="0" cb="0"/><line nr="55" mi="1" ci="0" mb="0" cb="0"/><line nr="58" mi="3" ci="0" mb="0" cb="0"/><line nr="62" mi="0" ci="5" mb="0" cb="0"/><line nr="63" mi="0" ci="1" mb="0" cb="0"/><line nr="66" mi="0" ci="3" mb="0" cb="0"/><line nr="70" mi="3" ci="0" mb="0" cb="0"/><line nr="71" mi="1" ci="0" mb="0" cb="0"/><line nr="74" mi="0" ci="3" mb="0" cb="0"/><line nr="78" mi="0" ci="3" mb="0" cb="0"/><line nr="82" mi="3" ci="0" mb="0" cb="0"/><line nr="83" mi="1" ci="0" mb="0" cb="0"/><line nr="86" mi="10" ci="0" mb="0" cb="0"/><line nr="90" mi="0" ci="3" mb="0" cb="0"/><line nr="91" mi="0" ci="1" mb="0" cb="0"/><line nr="94" mi="3" ci="0" mb="0" cb="0"/><line nr="98" mi="0" ci="3" mb="0" cb="0"/><line nr="99" mi="0" ci="1" mb="0" cb="0"/><counter type="INSTRUCTION" missed="42" covered="64"/><counter type="LINE" missed="15" covered="21"/><counter type="COMPLEXITY" missed="10" covered="9"/><counter type="METHOD" missed="10" covered="9"/><counter type="CLASS" missed="0" covered="1"/></sourcefile><sourcefile name="UserReward.java"><line nr="12" mi="0" ci="2" mb="0" cb="0"/><line nr="13" mi="0" ci="3" mb="0" cb="0"/><line nr="14" mi="0" ci="3" mb="0" cb="0"/><line nr="15" mi="0" ci="3" mb="0" cb="0"/><line nr="16" mi="0" ci="1" mb="0" cb="0"/><line nr="18" mi="2" ci="0" mb="0" cb="0"/><line nr="19" mi="3" ci="0" mb="0" cb="0"/><line nr="20" mi="3" ci="0" mb="0" cb="0"/><line nr="21" mi="1" ci="0" mb="0" cb="0"/><line nr="24" mi="3" ci="0" mb="0" cb="0"/><line nr="25" mi="1" ci="0" mb="0" cb="0"/><line nr="28" mi="3" ci="0" mb="0" cb="0"/><counter type="INSTRUCTION" missed="16" covered="12"/><counter type="LINE" missed="7" covered="5"/><counter type="COMPLEXITY" missed="3" covered="1"/><counter type="METHOD" missed="3" covered="1"/><counter type="CLASS" missed="0" covered="1"/></sourcefile><counter type="INSTRUCTION" missed="98" covered="123"/><counter type="LINE" missed="40" covered="39"/><counter type="COMPLEXITY" missed="24" covered="14"/><counter type="METHOD" missed="24" covered="14"/><counter type="CLASS" missed="0" covered="3"/></package><package name="com/tripmaster/tourguide/helper"><class name="com/tripmaster/tourguide/helper/InternalTestHelper" sourcefilename="InternalTestHelper.java"><method name="setInternalUserNumber" desc="(I)V" line="11"><counter type="INSTRUCTION" missed="0" covered="3"/><counter type="LINE" missed="0" covered="2"/><counter type="COMPLEXITY" missed="0" covered="1"/><counter type="METHOD" missed="0" covered="1"/></method><method name="getInternalUserNumber" desc="()I" line="15"><counter type="INSTRUCTION" missed="0" covered="2"/><counter type="LINE" missed="0" covered="1"/><counter type="COMPLEXITY" missed="0" covered="1"/><counter type="METHOD" missed="0" covered="1"/></method><method name="&lt;clinit&gt;" desc="()V" line="5"><counter type="INSTRUCTION" missed="0" covered="3"/><counter type="LINE" missed="0" covered="1"/><counter type="COMPLEXITY" missed="0" covered="1"/><counter type="METHOD" missed="0" covered="1"/></method><counter type="INSTRUCTION" missed="0" covered="8"/><counter type="LINE" missed="0" covered="4"/><counter type="COMPLEXITY" missed="0" covered="3"/><counter type="METHOD" missed="0" covered="3"/><counter type="CLASS" missed="0" covered="1"/></class><sourcefile name="InternalTestHelper.java"><line nr="5" mi="0" ci="3" mb="0" cb="0"/><line nr="11" mi="0" ci="2" mb="0" cb="0"/><line nr="12" mi="0" ci="1" mb="0" cb="0"/><line nr="15" mi="0" ci="2" mb="0" cb="0"/><counter type="INSTRUCTION" missed="0" covered="8"/><counter type="LINE" missed="0" covered="4"/><counter type="COMPLEXITY" missed="0" covered="3"/><counter type="METHOD" missed="0" covered="3"/><counter type="CLASS" missed="0" covered="1"/></sourcefile><counter type="INSTRUCTION" missed="0" covered="8"/><counter type="LINE" missed="0" covered="4"/><counter type="COMPLEXITY" missed="0" covered="3"/><counter type="METHOD" missed="0" covered="3"/><counter type="CLASS" missed="0" covered="1"/></package><counter type="INSTRUCTION" missed="230" covered="797"/><counter type="BRANCH" missed="6" covered="20"/><counter type="LINE" missed="79" covered="191"/><counter type="COMPLEXITY" missed="46" covered="66"/><counter type="METHOD" missed="41" covered="58"/><counter type="CLASS" missed="3" covered="9"/></report>